<?xml version="1.0" encoding="UTF-8"?>
<!-- Generated by org.testng.reporters.JUnitReportReporter -->
<testsuite hostname="LAPTOP-3803MK8F" failures="0" tests="1" name="learningmaven.Mavenjava.Testcase1" time="0.001" errors="0" timestamp="2020-11-15T13:02:41 EST" skipped="0">
  <testcase classname="learningmaven.Mavenjava.Testcase1" name="Yahoopage" time="0.001"/>
  <system-out/>
</testsuite> <!-- learningmaven.Mavenjava.Testcase1 -->
