<?xml version="1.0" encoding="UTF-8"?>
<!-- Generated by org.testng.reporters.JUnitReportReporter -->
<testsuite hostname="LAPTOP-3803MK8F" failures="0" tests="2" name="learningmaven.Mavenjava.Testcase2" time="0.006" errors="0" timestamp="2020-11-15T13:02:41 EST" skipped="0">
  <testcase classname="learningmaven.Mavenjava.Testcase2" name="googlepagedisplays" time="0.001"/>
  <system-out/>
  <testcase classname="learningmaven.Mavenjava.Testcase2" name="googlepage" time="0.005"/>
  <system-out/>
</testsuite> <!-- learningmaven.Mavenjava.Testcase2 -->
